<?xml version="1.0" encoding="UTF-8"?>
<!-- Generated by org.testng.reporters.JUnitXMLReporter -->
<testsuite hostname="DESKTOP-G7PJL0M" ignored="0" name="Test Actitime" tests="3" failures="2" timestamp="19 May 2020 13:49:38 GMT" time="111.303" errors="0">
  <testcase name="verifyLoginTest" time="8.633" classname="com.qa.TestCases.LoginTest">
    <failure type="java.lang.Exception" message="Failed to retrieve attibute post stale element exception and 2 retries.">
      <![CDATA[java.lang.Exception: Failed to retrieve attibute post stale element exception and 2 retries.
at com.qa.pages.BasePge.click(BasePge.java:40)
at com.qa.pages.LoginPage.dologine(LoginPage.java:33)
at com.qa.TestCases.LoginTest.verifyLoginTest(LoginTest.java:27)
... Removed 25 stack frames]]>
    </failure>
  </testcase> <!-- verifyLoginTest -->
  <testcase name="verifyCheckBox" time="1.302" classname="com.qa.TestCases.LoginTest"/>
  <testcase name="verifyErrorMesg" time="7.176" classname="com.qa.TestCases.LoginTest">
    <failure type="java.lang.Exception" message="Failed to retrieve attibute post stale element exception and 2 retries.">
      <![CDATA[java.lang.Exception: Failed to retrieve attibute post stale element exception and 2 retries.
at com.qa.pages.BasePge.click(BasePge.java:40)
at com.qa.pages.LoginPage.errormsg(LoginPage.java:45)
at com.qa.TestCases.LoginTest.verifyErrorMesg(LoginTest.java:42)
... Removed 25 stack frames]]>
    </failure>
  </testcase> <!-- verifyErrorMesg -->
</testsuite> <!-- Test Actitime -->
